[2020-11-27 14:58:46][Log]logtofile inited.
0x00007FFCA6DB060C (UnityPlayer) 
0x00007FFCA6DB3933 (UnityPlayer) 
0x00007FFCA6DA32CD (UnityPlayer) 
0x00007FFCA7646A9E (UnityPlayer) UnityMain
0x00007FFCA71B9011 (UnityPlayer) UnityMain
0x000001C7AAEDF6EE (Mono JIT Code) (wrapper managed-to-native) UnityEngine.DebugLogHandler:Internal_Log (UnityEngine.LogType,UnityEngine.LogOption,string,UnityEngine.Object)
0x000001C7AAEDF3FB (Mono JIT Code) UnityEngine.DebugLogHandler:LogFormat (UnityEngine.LogType,UnityEngine.Object,string,object[])
0x000001C7AAEDF0D0 (Mono JIT Code) UnityEngine.Logger:Log (UnityEngine.LogType,object)
0x000001C7AAEDEE4A (Mono JIT Code) UnityEngine.Debug:Log (object)
0x000001C7AAEDEBAB (Mono JIT Code) KEngine.LogFileManager:Start ()
0x000001C7AAEDE7C3 (Mono JIT Code) TestLogStackTrace:Start ()
0x000001C7AAEC1120 (Mono JIT Code) (wrapper runtime-invoke) object:runtime_invoke_void__this__ (object,intptr,intptr,intptr)
0x00007FFCAF2FCBA0 (mono-2.0-bdwgc) mono_get_runtime_build_info
0x00007FFCAF282112 (mono-2.0-bdwgc) mono_perfcounters_init
0x00007FFCAF28B10F (mono-2.0-bdwgc) mono_runtime_invoke
0x00007FFCA71554DD (UnityPlayer) UnityMain
0x00007FFCA71528B3 (UnityPlayer) UnityMain
0x00007FFCA713E179 (UnityPlayer) UnityMain
0x00007FFCA713E20E (UnityPlayer) UnityMain
0x00007FFCA713C189 (UnityPlayer) UnityMain
0x00007FFCA6ED5D5D (UnityPlayer) UnityMain
0x00007FFCA701A717 (UnityPlayer) UnityMain
0x00007FFCA701A7B3 (UnityPlayer) UnityMain
0x00007FFCA701CBBB (UnityPlayer) UnityMain
0x00007FFCA6DD7E5E (UnityPlayer) 
0x00007FFCA6DD6BBA (UnityPlayer) 
0x00007FFCA6DDAA7C (UnityPlayer) 
0x00007FFCA6DDE56B (UnityPlayer) UnityMain
0x00007FF6FC6211F2 (UGUIDemo) 
0x00007FFD26047974 (KERNEL32) BaseThreadInitThunk
0x00007FFD2694A0B1 (ntdll) RtlUserThreadStart

[2020-11-27 14:58:47][Log]test  log
0x00007FFCA6DB060C (UnityPlayer) 
0x00007FFCA6DB3933 (UnityPlayer) 
0x00007FFCA6DA32CD (UnityPlayer) 
0x00007FFCA7646A9E (UnityPlayer) UnityMain
0x00007FFCA71B9011 (UnityPlayer) UnityMain
0x000001C7AAEDF6EE (Mono JIT Code) (wrapper managed-to-native) UnityEngine.DebugLogHandler:Internal_Log (UnityEngine.LogType,UnityEngine.LogOption,string,UnityEngine.Object)
0x000001C7AAEDF3FB (Mono JIT Code) UnityEngine.DebugLogHandler:LogFormat (UnityEngine.LogType,UnityEngine.Object,string,object[])
0x000001C7AAEDF0D0 (Mono JIT Code) UnityEngine.Logger:Log (UnityEngine.LogType,object)
0x000001C7AAEDEE4A (Mono JIT Code) UnityEngine.Debug:Log (object)
0x000001C7AAF2F693 (Mono JIT Code) TestLogStackTrace:OnClickBtn2 ()
0x000001C7AAF2F649 (Mono JIT Code) UnityEngine.Events.InvokableCall:Invoke ()
0x000001C7AAF2F39B (Mono JIT Code) UnityEngine.Events.UnityEvent:Invoke ()
0x000001C7AAF2F123 (Mono JIT Code) UnityEngine.UI.Button:Press ()
0x000001C7AAF2F063 (Mono JIT Code) UnityEngine.UI.Button:OnPointerClick (UnityEngine.EventSystems.PointerEventData)
0x000001C7AAF2F009 (Mono JIT Code) UnityEngine.EventSystems.ExecuteEvents:Execute (UnityEngine.EventSystems.IPointerClickHandler,UnityEngine.EventSystems.BaseEventData)
0x000001C7AAF2A8F2 (Mono JIT Code) UnityEngine.EventSystems.ExecuteEvents:Execute<T_REF> (UnityEngine.GameObject,UnityEngine.EventSystems.BaseEventData,UnityEngine.EventSystems.ExecuteEvents/EventFunction`1<T_REF>)
0x000001C7AAF2ED0B (Mono JIT Code) UnityEngine.EventSystems.StandaloneInputModule:ReleaseMouse (UnityEngine.EventSystems.PointerEventData,UnityEngine.GameObject)
0x000001C7AAF25773 (Mono JIT Code) UnityEngine.EventSystems.StandaloneInputModule:ProcessMousePress (UnityEngine.EventSystems.PointerInputModule/MouseButtonEventData)
0x000001C7AAEFFD73 (Mono JIT Code) UnityEngine.EventSystems.StandaloneInputModule:ProcessMouseEvent (int)
0x000001C7AAF0FF8B (Mono JIT Code) UnityEngine.EventSystems.StandaloneInputModule:ProcessMouseEvent ()
0x000001C7AAF1FEA3 (Mono JIT Code) UnityEngine.EventSystems.StandaloneInputModule:Process ()
0x000001C7AAF04AFF (Mono JIT Code) UnityEngine.EventSystems.EventSystem:Update ()
0x000001C7677FAA20 (Mono JIT Code) (wrapper runtime-invoke) object:runtime_invoke_void__this__ (object,intptr,intptr,intptr)
0x00007FFCAF2FCBA0 (mono-2.0-bdwgc) mono_get_runtime_build_info
0x00007FFCAF282112 (mono-2.0-bdwgc) mono_perfcounters_init
0x00007FFCAF28B10F (mono-2.0-bdwgc) mono_runtime_invoke
0x00007FFCA71554DD (UnityPlayer) UnityMain
0x00007FFCA71528B3 (UnityPlayer) UnityMain
0x00007FFCA713BBD3 (UnityPlayer) UnityMain
0x00007FFCA713BC8D (UnityPlayer) UnityMain
0x00007FFCA6ED1D30 (UnityPlayer) UnityMain
0x00007FFCA701A717 (UnityPlayer) UnityMain
0x00007FFCA701A7B3 (UnityPlayer) UnityMain
0x00007FFCA701CBBB (UnityPlayer) UnityMain
0x00007FFCA6DD7E5E (UnityPlayer) 
0x00007FFCA6DD6BBA (UnityPlayer) 
0x00007FFCA6DDAA7C (UnityPlayer) 
0x00007FFCA6DDE56B (UnityPlayer) UnityMain
0x00007FF6FC6211F2 (UGUIDemo) 
0x00007FFD26047974 (KERNEL32) BaseThreadInitThunk
0x00007FFD2694A0B1 (ntdll) RtlUserThreadStart

[2020-11-27 14:58:47][Warning]test  log warn
0x00007FFCA6DB060C (UnityPlayer) 
0x00007FFCA6DB3933 (UnityPlayer) 
0x00007FFCA6DA32CD (UnityPlayer) 
0x00007FFCA7646A9E (UnityPlayer) UnityMain
0x00007FFCA71B9011 (UnityPlayer) UnityMain
0x000001C7AAEDF6EE (Mono JIT Code) (wrapper managed-to-native) UnityEngine.DebugLogHandler:Internal_Log (UnityEngine.LogType,UnityEngine.LogOption,string,UnityEngine.Object)
0x000001C7AAEDF3FB (Mono JIT Code) UnityEngine.DebugLogHandler:LogFormat (UnityEngine.LogType,UnityEngine.Object,string,object[])
0x000001C7AAEDF0D0 (Mono JIT Code) UnityEngine.Logger:Log (UnityEngine.LogType,object)
0x000001C7AAF2F758 (Mono JIT Code) UnityEngine.Debug:LogWarning (object)
0x000001C7AAF2F6AB (Mono JIT Code) TestLogStackTrace:OnClickBtn2 ()
0x000001C7AAF2F649 (Mono JIT Code) UnityEngine.Events.InvokableCall:Invoke ()
0x000001C7AAF2F39B (Mono JIT Code) UnityEngine.Events.UnityEvent:Invoke ()
0x000001C7AAF2F123 (Mono JIT Code) UnityEngine.UI.Button:Press ()
0x000001C7AAF2F063 (Mono JIT Code) UnityEngine.UI.Button:OnPointerClick (UnityEngine.EventSystems.PointerEventData)
0x000001C7AAF2F009 (Mono JIT Code) UnityEngine.EventSystems.ExecuteEvents:Execute (UnityEngine.EventSystems.IPointerClickHandler,UnityEngine.EventSystems.BaseEventData)
0x000001C7AAF2A8F2 (Mono JIT Code) UnityEngine.EventSystems.ExecuteEvents:Execute<T_REF> (UnityEngine.GameObject,UnityEngine.EventSystems.BaseEventData,UnityEngine.EventSystems.ExecuteEvents/EventFunction`1<T_REF>)
0x000001C7AAF2ED0B (Mono JIT Code) UnityEngine.EventSystems.StandaloneInputModule:ReleaseMouse (UnityEngine.EventSystems.PointerEventData,UnityEngine.GameObject)
0x000001C7AAF25773 (Mono JIT Code) UnityEngine.EventSystems.StandaloneInputModule:ProcessMousePress (UnityEngine.EventSystems.PointerInputModule/MouseButtonEventData)
0x000001C7AAEFFD73 (Mono JIT Code) UnityEngine.EventSystems.StandaloneInputModule:ProcessMouseEvent (int)
0x000001C7AAF0FF8B (Mono JIT Code) UnityEngine.EventSystems.StandaloneInputModule:ProcessMouseEvent ()
0x000001C7AAF1FEA3 (Mono JIT Code) UnityEngine.EventSystems.StandaloneInputModule:Process ()
0x000001C7AAF04AFF (Mono JIT Code) UnityEngine.EventSystems.EventSystem:Update ()
0x000001C7677FAA20 (Mono JIT Code) (wrapper runtime-invoke) object:runtime_invoke_void__this__ (object,intptr,intptr,intptr)
0x00007FFCAF2FCBA0 (mono-2.0-bdwgc) mono_get_runtime_build_info
0x00007FFCAF282112 (mono-2.0-bdwgc) mono_perfcounters_init
0x00007FFCAF28B10F (mono-2.0-bdwgc) mono_runtime_invoke
0x00007FFCA71554DD (UnityPlayer) UnityMain
0x00007FFCA71528B3 (UnityPlayer) UnityMain
0x00007FFCA713BBD3 (UnityPlayer) UnityMain
0x00007FFCA713BC8D (UnityPlayer) UnityMain
0x00007FFCA6ED1D30 (UnityPlayer) UnityMain
0x00007FFCA701A717 (UnityPlayer) UnityMain
0x00007FFCA701A7B3 (UnityPlayer) UnityMain
0x00007FFCA701CBBB (UnityPlayer) UnityMain
0x00007FFCA6DD7E5E (UnityPlayer) 
0x00007FFCA6DD6BBA (UnityPlayer) 
0x00007FFCA6DDAA7C (UnityPlayer) 
0x00007FFCA6DDE56B (UnityPlayer) UnityMain
0x00007FF6FC6211F2 (UGUIDemo) 
0x00007FFD26047974 (KERNEL32) BaseThreadInitThunk
0x00007FFD2694A0B1 (ntdll) RtlUserThreadStart

[2020-11-27 14:58:47][Error]test  log error
0x00007FFCA6DB060C (UnityPlayer) 
0x00007FFCA6DB3933 (UnityPlayer) 
0x00007FFCA6DA32CD (UnityPlayer) 
0x00007FFCA7646A9E (UnityPlayer) UnityMain
0x00007FFCA71B9011 (UnityPlayer) UnityMain
0x000001C7AAEDF6EE (Mono JIT Code) (wrapper managed-to-native) UnityEngine.DebugLogHandler:Internal_Log (UnityEngine.LogType,UnityEngine.LogOption,string,UnityEngine.Object)
0x000001C7AAEDF3FB (Mono JIT Code) UnityEngine.DebugLogHandler:LogFormat (UnityEngine.LogType,UnityEngine.Object,string,object[])
0x000001C7AAEDF0D0 (Mono JIT Code) UnityEngine.Logger:Log (UnityEngine.LogType,object)
0x000001C7AAF2F935 (Mono JIT Code) UnityEngine.Debug:LogError (object)
0x000001C7AAF2F6C3 (Mono JIT Code) TestLogStackTrace:OnClickBtn2 ()
0x000001C7AAF2F649 (Mono JIT Code) UnityEngine.Events.InvokableCall:Invoke ()
0x000001C7AAF2F39B (Mono JIT Code) UnityEngine.Events.UnityEvent:Invoke ()
0x000001C7AAF2F123 (Mono JIT Code) UnityEngine.UI.Button:Press ()
0x000001C7AAF2F063 (Mono JIT Code) UnityEngine.UI.Button:OnPointerClick (UnityEngine.EventSystems.PointerEventData)
0x000001C7AAF2F009 (Mono JIT Code) UnityEngine.EventSystems.ExecuteEvents:Execute (UnityEngine.EventSystems.IPointerClickHandler,UnityEngine.EventSystems.BaseEventData)
0x000001C7AAF2A8F2 (Mono JIT Code) UnityEngine.EventSystems.ExecuteEvents:Execute<T_REF> (UnityEngine.GameObject,UnityEngine.EventSystems.BaseEventData,UnityEngine.EventSystems.ExecuteEvents/EventFunction`1<T_REF>)
0x000001C7AAF2ED0B (Mono JIT Code) UnityEngine.EventSystems.StandaloneInputModule:ReleaseMouse (UnityEngine.EventSystems.PointerEventData,UnityEngine.GameObject)
0x000001C7AAF25773 (Mono JIT Code) UnityEngine.EventSystems.StandaloneInputModule:ProcessMousePress (UnityEngine.EventSystems.PointerInputModule/MouseButtonEventData)
0x000001C7AAEFFD73 (Mono JIT Code) UnityEngine.EventSystems.StandaloneInputModule:ProcessMouseEvent (int)
0x000001C7AAF0FF8B (Mono JIT Code) UnityEngine.EventSystems.StandaloneInputModule:ProcessMouseEvent ()
0x000001C7AAF1FEA3 (Mono JIT Code) UnityEngine.EventSystems.StandaloneInputModule:Process ()
0x000001C7AAF04AFF (Mono JIT Code) UnityEngine.EventSystems.EventSystem:Update ()
0x000001C7677FAA20 (Mono JIT Code) (wrapper runtime-invoke) object:runtime_invoke_void__this__ (object,intptr,intptr,intptr)
0x00007FFCAF2FCBA0 (mono-2.0-bdwgc) mono_get_runtime_build_info
0x00007FFCAF282112 (mono-2.0-bdwgc) mono_perfcounters_init
0x00007FFCAF28B10F (mono-2.0-bdwgc) mono_runtime_invoke
0x00007FFCA71554DD (UnityPlayer) UnityMain
0x00007FFCA71528B3 (UnityPlayer) UnityMain
0x00007FFCA713BBD3 (UnityPlayer) UnityMain
0x00007FFCA713BC8D (UnityPlayer) UnityMain
0x00007FFCA6ED1D30 (UnityPlayer) UnityMain
0x00007FFCA701A717 (UnityPlayer) UnityMain
0x00007FFCA701A7B3 (UnityPlayer) UnityMain
0x00007FFCA701CBBB (UnityPlayer) UnityMain
0x00007FFCA6DD7E5E (UnityPlayer) 
0x00007FFCA6DD6BBA (UnityPlayer) 
0x00007FFCA6DDAA7C (UnityPlayer) 
0x00007FFCA6DDE56B (UnityPlayer) UnityMain
0x00007FF6FC6211F2 (UGUIDemo) 
0x00007FFD26047974 (KERNEL32) BaseThreadInitThunk
0x00007FFD2694A0B1 (ntdll) RtlUserThreadStart

[2020-11-27 14:58:47][Exception]NullReferenceException: Object reference not set to an instance of an object
TestLogStackTrace.MyFunc () (at <bdd7269876cf4ca1a4362ffabcb37dc7>:0)
TestLogStackTrace.OnClickBtn2 () (at <bdd7269876cf4ca1a4362ffabcb37dc7>:0)
UnityEngine.Events.InvokableCall.Invoke () (at <73b499366e5241bda47e5da76897738b>:0)
UnityEngine.Events.UnityEvent.Invoke () (at <73b499366e5241bda47e5da76897738b>:0)
UnityEngine.UI.Button.Press () (at <342693fb89df42e5966e406b54fe1f77>:0)
UnityEngine.UI.Button.OnPointerClick (UnityEngine.EventSystems.PointerEventData eventData) (at <342693fb89df42e5966e406b54fe1f77>:0)
UnityEngine.EventSystems.ExecuteEvents.Execute (UnityEngine.EventSystems.IPointerClickHandler handler, UnityEngine.EventSystems.BaseEventData eventData) (at <342693fb89df42e5966e406b54fe1f77>:0)
UnityEngine.EventSystems.ExecuteEvents.Execute[T] (UnityEngine.GameObject target, UnityEngine.EventSystems.BaseEventData eventData, UnityEngine.EventSystems.ExecuteEvents+EventFunction`1[T1] functor) (at <342693fb89df42e5966e406b54fe1f77>:0)
UnityEngine.EventSystems.EventSystem:Update()

